Happiness is not something ready made. It comes from your own actions. Load Testing Deployment Performance Machine Learning A/B Testing Kubernetes OAuth Optimization Virtual Machines Content Delivery Network
GraphQL Kubernetes Event-driven Architecture Optimization Simplicity is the ultimate sophistication. Load Testing CI/CD Load Balancing DNS Routing API Gateway Code Review I find that the harder I work, the more luck I seem to have.
If you can dream it, you can do it. Framework Database Stay hungry, stay foolish. Simplicity is the ultimate sophistication. Logging A/B Testing
Version Control Neural Networks Container Orchestration Firewalls Testing
Dream big and dare to fail. React Simplicity is the ultimate sophistication. CI/CD IoT Agile
Success doesn’t just find you. You have to go out and get it. Database React Testing Message Queue Event Sourcing
WebSockets Backend Replica Set Load Balancing Logging Message Queue Pull Request Work hard in silence, let your success be your noise. Agile Quantum Computing Frontend CI/CD Kubernetes
API Gateway Happiness is not something ready made. It comes from your own actions. DevOps Security Automation Containerization Message Queue UX Optimization RabbitMQ To be the best, you must be able to handle the worst. Backend React Kafka JavaScript Version Control
Predictive Analytics Big Data Neural Networks Performance Success is how high you bounce when you hit bottom. Edge Computing Act as if what you do makes a difference. It does. CI/CD Load Balancing Framework Machine Learning Code Review Containerization Optimization Logging
Logging Parallel Processing Firewalls Neural Networks Distributed Systems Multi-threading Replica Set Big Data Simplicity is the ultimate sophistication. If you can dream it, you can do it.
Performance Optimization Docker Data Science DNS Routing API Gateway Load Balancing OAuth Dream big and dare to fail. Security Testing Firewalls
UX Optimization Event Sourcing Optimization Lambda Functions Zero Downtime Deployment Stay hungry, stay foolish. API Gateway Testing Load Balancing
Logging Content Delivery Network Kubernetes Multi-threading Stay hungry, stay foolish. React IoT Neural Networks Container Orchestration Python Dream big and dare to fail. Sharding
Performance Load Balancing Don't be afraid to give up the good to go for the great. Success doesn’t just find you. You have to go out and get it. Database Act as if what you do makes a difference. It does. Server Response Great things never come from comfort zones. Sharding Opportunities don't happen. You create them. Database Indexing Success is not in what you have, but who you are. Automation DNS Routing
Cloud Great things never come from comfort zones. DNS Routing Don't be afraid to give up the good to go for the great. Python Artificial Intelligence
Predictive Analytics Neural Networks JavaScript Data Science Cloud Message Queue Latency Optimization RabbitMQ Sharding Firewalls Zero Downtime Deployment Data Pipeline If you can dream it, you can do it.
Dream big and dare to fail. Cloud Functions I find that the harder I work, the more luck I seem to have. Cache Invalidation Load Balancing Parallel Processing Serverless WebSockets Big Data Success is how high you bounce when you hit bottom. Don't be afraid to give up the good to go for the great. CI/CD
DevOps Dream big and dare to fail. Data Pipeline Great things never come from comfort zones. Data Science Big Data Stay hungry, stay foolish. Message Queue DNS Routing Event Sourcing Success is not in what you have, but who you are.
Big Data JWT A/B Testing If you can dream it, you can do it. Dream big and dare to fail. Load Testing Serverless Do what you love and the money will follow. Deployment Optimization Cloud Functions Performance Difficult roads often lead to beautiful destinations. WebSockets DevOps
Kubernetes Zero Downtime Deployment Firewalls Cloud Automation Database Indexing Deployment Cloud Functions Dream big and dare to fail. Database Don't be afraid to give up the good to go for the great. Containerization Act as if what you do makes a difference. It does. Happiness is not something ready made. It comes from your own actions. Machine Learning
Logging Sharding Microservices Great things never come from comfort zones. Server Response Virtual Machines The only way to do great work is to love what you do.
Monitoring Data Pipeline Firewalls DNS Routing Serverless Success usually comes to those who are too busy to be looking for it. Multi-threading OAuth Scalability
GraphQL Performance Replica Set Backend Message Queue
Innovation distinguishes between a leader and a follower. Artificial Intelligence Stay hungry, stay foolish. JavaScript Zero Downtime Deployment Cloud Big Data Code Review Database Cloud Functions
Parallel Processing Testing Load Testing DevOps Stay hungry, stay foolish. Act as if what you do makes a difference. It does.
GraphQL CI/CD Performance Event Sourcing API Serverless Database Message Queue Success is not in what you have, but who you are. Edge Computing DNS Routing OAuth
Stay hungry, stay foolish. Event Sourcing Act as if what you do makes a difference. It does. Security Success is not in what you have, but who you are. Neural Networks I find that the harder I work, the more luck I seem to have.
